Using pre-set license
Built from '2020.3/staging' branch; Version is '2020.3.14f1 (d0d1bb862f9d) revision 13685179'; Using compiler version '192528614'; Build Type 'Release'
OS: 'Windows 10 Pro; OS build 19042.1237; Version 2009; 64bit' Language: 'ko' Physical Memory: 16169 MB
BatchMode: 1, IsHumanControllingUs: 0, StartBugReporterOnCrash: 0, Is64bit: 1, IsPro: 0

 COMMAND LINE ARGUMENTS:
C:\Program Files (x86)\Unity\2020.3.14f1\Editor\Unity.exe
-adb2
-batchMode
-noUpm
-name
AssetImportWorker0
-projectPath
D:/Unity/Mini_Rpg
-logFile
Logs/AssetImportWorker0.log
-srvPort
11351
Successfully changed project path to: D:/Unity/Mini_Rpg
D:/Unity/Mini_Rpg
Using Asset Import Pipeline V2.
Refreshing native plugins compatible for Editor in 26.23 ms, found 2 plugins.
Preloading 0 native plugins for Editor in 0.00 ms.
Initialize engine version: 2020.3.14f1 (d0d1bb862f9d)
[Subsystems] Discovering subsystems at path C:/Program Files (x86)/Unity/2020.3.14f1/Editor/Data/Resources/UnitySubsystems
[Subsystems] Discovering subsystems at path D:/Unity/Mini_Rpg/Assets
GfxDevice: creating device client; threaded=0
Direct3D:
    Version:  Direct3D 11.0 [level 11.1]
    Renderer: NVIDIA GeForce GTX 1660 Ti (ID=0x2191)
    Vendor:   
    VRAM:     5991 MB
    Driver:   27.21.14.6677
Initialize mono
Mono path[0] = 'C:/Program Files (x86)/Unity/2020.3.14f1/Editor/Data/Managed'
Mono path[1] = 'C:/Program Files (x86)/Unity/2020.3.14f1/Editor/Data/MonoBleedingEdge/lib/mono/unityjit'
Mono config path = 'C:/Program Files (x86)/Unity/2020.3.14f1/Editor/Data/MonoBleedingEdge/etc'
Using monoOptions --debugger-agent=transport=dt_socket,embedding=1,server=y,suspend=n,address=127.0.0.1:56332
Begin MonoManager ReloadAssembly
Registering precompiled unity dll's ...
Register platform support module: C:/Program Files (x86)/Unity/2020.3.14f1/Editor/Data/PlaybackEngines/WindowsStandaloneSupport/UnityEditor.WindowsStandalone.Extensions.dll
Registered in 0.002455 seconds.
Native extension for WindowsStandalone target not found
Refreshing native plugins compatible for Editor in 25.68 ms, found 2 plugins.
Preloading 0 native plugins for Editor in 0.00 ms.
Mono: successfully reloaded assembly
- Completed reload, in  0.909 seconds
Domain Reload Profiling:
	ReloadAssembly (909ms)
		BeginReloadAssembly (53ms)
			ExecutionOrderSort (0ms)
			DisableScriptedObjects (0ms)
			BackupInstance (0ms)
			ReleaseScriptingObjects (0ms)
			CreateAndSetChildDomain (1ms)
		EndReloadAssembly (329ms)
			LoadAssemblies (50ms)
			RebuildTransferFunctionScriptingTraits (0ms)
			SetupTypeCache (126ms)
			ReleaseScriptCaches (0ms)
			RebuildScriptCaches (25ms)
			SetupLoadedEditorAssemblies (122ms)
				LogAssemblyErrors (0ms)
				InitializePlatformSupportModulesInManaged (4ms)
				SetLoadedEditorAssemblies (0ms)
				RefreshPlugins (26ms)
				BeforeProcessingInitializeOnLoad (11ms)
				ProcessInitializeOnLoadAttributes (60ms)
				ProcessInitializeOnLoadMethodAttributes (21ms)
				AfterProcessingInitializeOnLoad (0ms)
				EditorAssembliesLoaded (0ms)
			ExecutionOrderSort2 (0ms)
			AwakeInstancesAfterBackupRestoration (0ms)
Platform modules already initialized, skipping
Registering precompiled user dll's ...
Registered in 0.002557 seconds.
Begin MonoManager ReloadAssembly
Native extension for WindowsStandalone target not found
Refreshing native plugins compatible for Editor in 0.31 ms, found 2 plugins.
Preloading 0 native plugins for Editor in 0.00 ms.
Mono: successfully reloaded assembly
- Completed reload, in  0.807 seconds
Domain Reload Profiling:
	ReloadAssembly (807ms)
		BeginReloadAssembly (125ms)
			ExecutionOrderSort (0ms)
			DisableScriptedObjects (3ms)
			BackupInstance (0ms)
			ReleaseScriptingObjects (0ms)
			CreateAndSetChildDomain (14ms)
		EndReloadAssembly (630ms)
			LoadAssemblies (76ms)
			RebuildTransferFunctionScriptingTraits (0ms)
			SetupTypeCache (227ms)
			ReleaseScriptCaches (0ms)
			RebuildScriptCaches (32ms)
			SetupLoadedEditorAssemblies (227ms)
				LogAssemblyErrors (0ms)
				InitializePlatformSupportModulesInManaged (4ms)
				SetLoadedEditorAssemblies (1ms)
				RefreshPlugins (0ms)
				BeforeProcessingInitializeOnLoad (58ms)
				ProcessInitializeOnLoadAttributes (152ms)
				ProcessInitializeOnLoadMethodAttributes (3ms)
				AfterProcessingInitializeOnLoad (8ms)
				EditorAssembliesLoaded (0ms)
			ExecutionOrderSort2 (0ms)
			AwakeInstancesAfterBackupRestoration (5ms)
Platform modules already initialized, skipping
========================================================================
Worker process is ready to serve import requests
Launched and connected shader compiler UnityShaderCompiler.exe after 0.03 seconds
Refreshing native plugins compatible for Editor in 0.31 ms, found 2 plugins.
Preloading 0 native plugins for Editor in 0.00 ms.
Unloading 1435 Unused Serialized files (Serialized files now loaded: 0)
System memory in use before: 86.3 MB.
System memory in use after: 86.4 MB.

Unloading 19 unused Assets to reduce memory usage. Loaded Objects now: 1887.
Total: 1.474300 ms (FindLiveObjects: 0.123700 ms CreateObjectMapping: 0.040300 ms MarkObjects: 1.190100 ms  DeleteObjects: 0.119600 ms)

AssetImportParameters requested are different than current active one (requested -> active):
  custom:framework-win-MediaFoundation: 216162199b28c13a410421893ffa2e32 -> 
  custom:video-decoder-ogg-theora: a1e56fd34408186e4bbccfd4996cb3dc -> 
  custom:container-muxer-webm: aa71ff27fc2769a1b78a27578f13a17b -> 
  custom:container-demuxer-webm: 4f35f7cbe854078d1ac9338744f61a02 -> 
  custom:container-demuxer-ogg: 62fdf1f143b41e24485cea50d1cbac27 -> 
  custom:video-encoder-webm-vp8: eb34c28f22e8b96e1ab97ce403110664 -> 
  custom:video-decoder-webm-vp8: 9c59270c3fd7afecdb556c50c9e8de78 -> 
  custom:audio-decoder-ogg-vorbis: bf7c407c2cedff20999df2af8eb42d56 -> 
  custom:audio-encoder-webm-vorbis: bf7c407c2cedff20999df2af8eb42d56 -> 
========================================================================
Received Import Request.
  path: Assets/Resources/Art/UnityChann/Shader/Unitychan_chara_hair_ds.shader
  artifactKey: Guid(235ca6f7bbc0ead4990f386a7ec24292) Importer(815301076,1909f56bfc062723c751e8b465ee728b)
Start importing Assets/Resources/Art/UnityChann/Shader/Unitychan_chara_hair_ds.shader using Guid(235ca6f7bbc0ead4990f386a7ec24292) Importer(815301076,1909f56bfc062723c751e8b465ee728b)  -> (artifact id: 'f46d4ec8c1cc6a6ea7604103d051e14d') in 0.017450 seconds 
  Import took 0.019201 seconds .

========================================================================
Received Import Request.
  Time since last request: 8.112331 seconds.
  path: Assets/Resources/Art/UnityChann/Shader/Unitychan_chara_hair.shader
  artifactKey: Guid(fe3954a9664afb042a2af588b53680b0) Importer(815301076,1909f56bfc062723c751e8b465ee728b)
Start importing Assets/Resources/Art/UnityChann/Shader/Unitychan_chara_hair.shader using Guid(fe3954a9664afb042a2af588b53680b0) Importer(815301076,1909f56bfc062723c751e8b465ee728b)  -> (artifact id: '337210e18c5387fdbb5ad93875cc4ebf') in 0.001709 seconds 
  Import took 0.003508 seconds .

========================================================================
Received Import Request.
  Time since last request: 0.000571 seconds.
  path: Assets/Resources/Art/UnityChann/Shader/Unitychan_chara_hair.shader
  artifactKey: Guid(fe3954a9664afb042a2af588b53680b0) Importer(815301076,1909f56bfc062723c751e8b465ee728b)
Start importing Assets/Resources/Art/UnityChann/Shader/Unitychan_chara_hair.shader using Guid(fe3954a9664afb042a2af588b53680b0) Importer(815301076,1909f56bfc062723c751e8b465ee728b)  -> (artifact id: '337210e18c5387fdbb5ad93875cc4ebf') in 0.001356 seconds 
  Import took 0.003167 seconds .

========================================================================
Received Import Request.
  Time since last request: 0.535993 seconds.
  path: Assets/Resources/Art/UnityChann/Shader/Unitychan_chara_eyelash_blend.shader
  artifactKey: Guid(9627902a73805264c818754ecb22c8f9) Importer(815301076,1909f56bfc062723c751e8b465ee728b)
Start importing Assets/Resources/Art/UnityChann/Shader/Unitychan_chara_eyelash_blend.shader using Guid(9627902a73805264c818754ecb22c8f9) Importer(815301076,1909f56bfc062723c751e8b465ee728b)  -> (artifact id: 'a7e8870ebfa66de6afda15d6f4d52a8a') in 0.001476 seconds 
  Import took 0.003380 seconds .

========================================================================
Received Import Request.
  Time since last request: 0.000522 seconds.
  path: Assets/Resources/Art/UnityChann/Shader/Unitychan_chara_eyelash_blend.shader
  artifactKey: Guid(9627902a73805264c818754ecb22c8f9) Importer(815301076,1909f56bfc062723c751e8b465ee728b)
Start importing Assets/Resources/Art/UnityChann/Shader/Unitychan_chara_eyelash_blend.shader using Guid(9627902a73805264c818754ecb22c8f9) Importer(815301076,1909f56bfc062723c751e8b465ee728b)  -> (artifact id: 'a7e8870ebfa66de6afda15d6f4d52a8a') in 0.001283 seconds 
  Import took 0.003038 seconds .

========================================================================
Received Import Request.
  Time since last request: 0.479117 seconds.
  path: Assets/Resources/Art/UnityChann/Shader/Unitychan_chara_hada_blend.shader
  artifactKey: Guid(7a95784c68f03494d8c7911e15fab82a) Importer(815301076,1909f56bfc062723c751e8b465ee728b)
Start importing Assets/Resources/Art/UnityChann/Shader/Unitychan_chara_hada_blend.shader using Guid(7a95784c68f03494d8c7911e15fab82a) Importer(815301076,1909f56bfc062723c751e8b465ee728b)  -> (artifact id: 'dedeeeb5c316a2a34ae4e60cdb9b2302') in 0.001502 seconds 
  Import took 0.003273 seconds .

========================================================================
Received Import Request.
  Time since last request: 0.000374 seconds.
  path: Assets/Resources/Art/UnityChann/Shader/Unitychan_chara_hada_blend.shader
  artifactKey: Guid(7a95784c68f03494d8c7911e15fab82a) Importer(815301076,1909f56bfc062723c751e8b465ee728b)
Start importing Assets/Resources/Art/UnityChann/Shader/Unitychan_chara_hada_blend.shader using Guid(7a95784c68f03494d8c7911e15fab82a) Importer(815301076,1909f56bfc062723c751e8b465ee728b)  -> (artifact id: 'dedeeeb5c316a2a34ae4e60cdb9b2302') in 0.001589 seconds 
  Import took 0.003466 seconds .

========================================================================
Received Import Request.
  Time since last request: 126.115910 seconds.
  path: Assets/Resources/Art/UnityChann/Shader/Unitychan_chara_fuku_ds.shader
  artifactKey: Guid(96d05de60c5f7474491f9f94568cf623) Importer(815301076,1909f56bfc062723c751e8b465ee728b)
Start importing Assets/Resources/Art/UnityChann/Shader/Unitychan_chara_fuku_ds.shader using Guid(96d05de60c5f7474491f9f94568cf623) Importer(815301076,1909f56bfc062723c751e8b465ee728b)  -> (artifact id: '2dca2f3280592d927a3024f5298a34aa') in 0.002104 seconds 
  Import took 0.004276 seconds .

========================================================================
Received Import Request.
  Time since last request: 0.000685 seconds.
  path: Assets/Resources/Art/UnityChann/Shader/Unitychan_chara_fuku_ds.shader
  artifactKey: Guid(96d05de60c5f7474491f9f94568cf623) Importer(815301076,1909f56bfc062723c751e8b465ee728b)
Start importing Assets/Resources/Art/UnityChann/Shader/Unitychan_chara_fuku_ds.shader using Guid(96d05de60c5f7474491f9f94568cf623) Importer(815301076,1909f56bfc062723c751e8b465ee728b)  -> (artifact id: '2dca2f3280592d927a3024f5298a34aa') in 0.001701 seconds 
  Import took 0.003468 seconds .

========================================================================
Received Import Request.
  Time since last request: 51.537391 seconds.
  path: Assets/Resources/Art/UnityChann/Shader/Unitychan_chara_hair_ds.shader
  artifactKey: Guid(235ca6f7bbc0ead4990f386a7ec24292) Importer(815301076,1909f56bfc062723c751e8b465ee728b)
Start importing Assets/Resources/Art/UnityChann/Shader/Unitychan_chara_hair_ds.shader using Guid(235ca6f7bbc0ead4990f386a7ec24292) Importer(815301076,1909f56bfc062723c751e8b465ee728b)  -> (artifact id: 'df684f91363fef1f583cc6d3b7ca300a') in 0.002960 seconds 
  Import took 0.006113 seconds .

AssetImportWorkerClient::OnTransportError - code=2 error=End of file
